#! /usr/bin/vvp
:ivl_version "11.0 (stable)";
:ivl_delay_selection "TYPICAL";
:vpi_time_precision - 12;
:vpi_module "/usr/lib/x86_64-linux-gnu/ivl/system.vpi";
:vpi_module "/usr/lib/x86_64-linux-gnu/ivl/vhdl_sys.vpi";
:vpi_module "/usr/lib/x86_64-linux-gnu/ivl/vhdl_textio.vpi";
:vpi_module "/usr/lib/x86_64-linux-gnu/ivl/v2005_math.vpi";
:vpi_module "/usr/lib/x86_64-linux-gnu/ivl/va_math.vpi";
S_0x55fe02168970 .scope module, "alu_tb" "alu_tb" 2 2;
 .timescale -9 -12;
v0x55fe0217c230_0 .var "a_tb", 7 0;
v0x55fe0217c310_0 .var "b_tb", 7 0;
v0x55fe0217c3e0_0 .var "op_tb", 2 0;
v0x55fe0217c4e0_0 .net "res_tb", 7 0, v0x55fe0217c0a0_0;  1 drivers
S_0x55fe02168b00 .scope module, "u_alu" "alu" 2 16, 3 1 0, S_0x55fe02168970;
 .timescale 0 0;
    .port_info 0 /INPUT 8 "a";
    .port_info 1 /INPUT 8 "b";
    .port_info 2 /INPUT 3 "op";
    .port_info 3 /OUTPUT 8 "res";
v0x55fe0212d7b0_0 .net "a", 7 0, v0x55fe0217c230_0;  1 drivers
v0x55fe0212dba0_0 .net "b", 7 0, v0x55fe0217c310_0;  1 drivers
v0x55fe0217bfb0_0 .net "op", 2 0, v0x55fe0217c3e0_0;  1 drivers
v0x55fe0217c0a0_0 .var "res", 7 0;
E_0x55fe02164bd0 .event edge, v0x55fe0217bfb0_0, v0x55fe0212d7b0_0, v0x55fe0212dba0_0;
    .scope S_0x55fe02168b00;
T_0 ;
    %wait E_0x55fe02164bd0;
    %load/vec4 v0x55fe0217bfb0_0;
    %dup/vec4;
    %pushi/vec4 0, 0, 3;
    %cmp/u;
    %jmp/1 T_0.0, 6;
    %dup/vec4;
    %pushi/vec4 1, 0, 3;
    %cmp/u;
    %jmp/1 T_0.1, 6;
    %dup/vec4;
    %pushi/vec4 2, 0, 3;
    %cmp/u;
    %jmp/1 T_0.2, 6;
    %dup/vec4;
    %pushi/vec4 3, 0, 3;
    %cmp/u;
    %jmp/1 T_0.3, 6;
    %dup/vec4;
    %pushi/vec4 4, 0, 3;
    %cmp/u;
    %jmp/1 T_0.4, 6;
    %dup/vec4;
    %pushi/vec4 5, 0, 3;
    %cmp/u;
    %jmp/1 T_0.5, 6;
    %dup/vec4;
    %pushi/vec4 6, 0, 3;
    %cmp/u;
    %jmp/1 T_0.6, 6;
    %pushi/vec4 0, 0, 8;
    %store/vec4 v0x55fe0217c0a0_0, 0, 8;
    %jmp T_0.8;
T_0.0 ;
    %load/vec4 v0x55fe0212d7b0_0;
    %load/vec4 v0x55fe0212dba0_0;
    %add;
    %store/vec4 v0x55fe0217c0a0_0, 0, 8;
    %jmp T_0.8;
T_0.1 ;
    %load/vec4 v0x55fe0212d7b0_0;
    %load/vec4 v0x55fe0212dba0_0;
    %sub;
    %store/vec4 v0x55fe0217c0a0_0, 0, 8;
    %jmp T_0.8;
T_0.2 ;
    %load/vec4 v0x55fe0212d7b0_0;
    %load/vec4 v0x55fe0212dba0_0;
    %and;
    %store/vec4 v0x55fe0217c0a0_0, 0, 8;
    %jmp T_0.8;
T_0.3 ;
    %load/vec4 v0x55fe0212d7b0_0;
    %load/vec4 v0x55fe0212dba0_0;
    %or;
    %store/vec4 v0x55fe0217c0a0_0, 0, 8;
    %jmp T_0.8;
T_0.4 ;
    %load/vec4 v0x55fe0212d7b0_0;
    %load/vec4 v0x55fe0212dba0_0;
    %xor;
    %store/vec4 v0x55fe0217c0a0_0, 0, 8;
    %jmp T_0.8;
T_0.5 ;
    %load/vec4 v0x55fe0212d7b0_0;
    %ix/getv 4, v0x55fe0212dba0_0;
    %shiftl 4;
    %store/vec4 v0x55fe0217c0a0_0, 0, 8;
    %jmp T_0.8;
T_0.6 ;
    %load/vec4 v0x55fe0212d7b0_0;
    %ix/getv 4, v0x55fe0212dba0_0;
    %shiftr 4;
    %store/vec4 v0x55fe0217c0a0_0, 0, 8;
    %jmp T_0.8;
T_0.8 ;
    %pop/vec4 1;
    %jmp T_0;
    .thread T_0, $push;
    .scope S_0x55fe02168970;
T_1 ;
    %pushi/vec4 1, 0, 8;
    %store/vec4 v0x55fe0217c230_0, 0, 8;
    %pushi/vec4 3, 0, 8;
    %store/vec4 v0x55fe0217c310_0, 0, 8;
    %pushi/vec4 0, 0, 3;
    %store/vec4 v0x55fe0217c3e0_0, 0, 3;
    %vpi_call 2 10 "$display", "res_tb=%d", v0x55fe0217c4e0_0 {0 0 0};
    %delay 1000, 0;
    %pushi/vec4 4, 0, 8;
    %store/vec4 v0x55fe0217c230_0, 0, 8;
    %pushi/vec4 1, 0, 8;
    %store/vec4 v0x55fe0217c310_0, 0, 8;
    %pushi/vec4 1, 0, 3;
    %store/vec4 v0x55fe0217c3e0_0, 0, 3;
    %vpi_call 2 13 "$display", "res_tb=%d", v0x55fe0217c4e0_0 {0 0 0};
    %delay 1000, 0;
    %end;
    .thread T_1;
    .scope S_0x55fe02168970;
T_2 ;
    %vpi_call 2 23 "$dumpfile", "alu.vcd" {0 0 0};
    %vpi_call 2 24 "$dumpvars", 32'sb00000000000000000000000000000000, S_0x55fe02168970 {0 0 0};
    %end;
    .thread T_2;
# The file index is used to find the file name in the following table.
:file_names 4;
    "N/A";
    "<interactive>";
    "alu_tb.v";
    "alu.v";
